Using pre-set license
Built from '2020.3/release' branch; Version is '2020.3.2f1 (8fd9074bf66c) revision 9427207'; Using compiler version '192528614'; Build Type 'Release'
OS: 'Windows 10 Home Single Language; OS build 19042.985; Version 2009; 64bit' Language: 'en' Physical Memory: 7617 MB
BatchMode: 1, IsHumanControllingUs: 0, StartBugReporterOnCrash: 0, Is64bit: 1, IsPro: 0

 COMMAND LINE ARGUMENTS:
C:\Program Files\Unity\Hub\Editor\2020.3.2f1\Editor\Unity.exe
-adb2
-batchMode
-noUpm
-name
AssetImportWorker0
-projectPath
C:/Users/divya/Documents/GitHub/FPS-Game-built-on-Unity/HAZESHOCK
-logFile
Logs/AssetImportWorker0.log
-srvPort
60935
Successfully changed project path to: C:/Users/divya/Documents/GitHub/FPS-Game-built-on-Unity/HAZESHOCK
C:/Users/divya/Documents/GitHub/FPS-Game-built-on-Unity/HAZESHOCK
Using Asset Import Pipeline V2.
Refreshing native plugins compatible for Editor in 87.85 ms, found 1 plugins.
Preloading 0 native plugins for Editor in 0.00 ms.
Initialize engine version: 2020.3.2f1 (8fd9074bf66c)
[Subsystems] Discovering subsystems at path C:/Program Files/Unity/Hub/Editor/2020.3.2f1/Editor/Data/Resources/UnitySubsystems
[Subsystems] Discovering subsystems at path C:/Users/divya/Documents/GitHub/FPS-Game-built-on-Unity/HAZESHOCK/Assets
GfxDevice: creating device client; threaded=0
Direct3D:
    Version:  Direct3D 11.0 [level 11.1]
    Renderer: NVIDIA GeForce GTX 1650 (ID=0x1f91)
    Vendor:   
    VRAM:     3962 MB
    Driver:   27.21.14.6647
Shader 'Universal Render Pipeline/Particles/Lit': fallback shader 'Universal Render Pipeline/Particles/SimpleLit' not found
Initialize mono
Mono path[0] = 'C:/Program Files/Unity/Hub/Editor/2020.3.2f1/Editor/Data/Managed'
Mono path[1] = 'C:/Program Files/Unity/Hub/Editor/2020.3.2f1/Editor/Data/MonoBleedingEdge/lib/mono/unityjit'
Mono config path = 'C:/Program Files/Unity/Hub/Editor/2020.3.2f1/Editor/Data/MonoBleedingEdge/etc'
Using monoOptions --debugger-agent=transport=dt_socket,embedding=1,server=y,suspend=n,address=127.0.0.1:56396
Begin MonoManager ReloadAssembly
Registering precompiled unity dll's ...
Register platform support module: C:/Program Files/Unity/Hub/Editor/2020.3.2f1/Editor/Data/PlaybackEngines/WebGLSupport/UnityEditor.WebGL.Extensions.dll
Register platform support module: C:/Program Files/Unity/Hub/Editor/2020.3.2f1/Editor/Data/PlaybackEngines/WindowsStandaloneSupport/UnityEditor.WindowsStandalone.Extensions.dll
Registered in 0.003151 seconds.
Native extension for WindowsStandalone target not found
Native extension for WebGL target not found
Refreshing native plugins compatible for Editor in 89.59 ms, found 1 plugins.
Preloading 0 native plugins for Editor in 0.00 ms.
Invoked RoslynAnalysisRunner static constructor.
RoslynAnalysisRunner will not be running.
RoslynAnalysisRunner has terminated.
Mono: successfully reloaded assembly
- Completed reload, in  1.661 seconds
Platform modules already initialized, skipping
Registering precompiled user dll's ...
Registered in 0.002451 seconds.
Begin MonoManager ReloadAssembly
Native extension for WindowsStandalone target not found
Native extension for WebGL target not found
Refreshing native plugins compatible for Editor in 88.55 ms, found 1 plugins.
Preloading 0 native plugins for Editor in 0.00 ms.
Invoked RoslynAnalysisRunner static constructor.
RoslynAnalysisRunner will not be running.
RoslynAnalysisRunner has terminated.
Mono: successfully reloaded assembly
- Completed reload, in  1.494 seconds
Platform modules already initialized, skipping
========================================================================
Worker process is ready to serve import requests
Shader 'Universal Render Pipeline/Particles/Lit': fallback shader 'Universal Render Pipeline/Particles/SimpleLit' not found
Launched and connected shader compiler UnityShaderCompiler.exe after 0.09 seconds
Refreshing native plugins compatible for Editor in 0.81 ms, found 1 plugins.
Preloading 0 native plugins for Editor in 0.00 ms.
Unloading 3441 Unused Serialized files (Serialized files now loaded: 0)
System memory in use before: 170.6 MB.
System memory in use after: 170.4 MB.

Unloading 106 unused Assets to reduce memory usage. Loaded Objects now: 3885.
Total: 4.236400 ms (FindLiveObjects: 0.530300 ms CreateObjectMapping: 0.205500 ms MarkObjects: 2.979100 ms  DeleteObjects: 0.519300 ms)

========================================================================
Received Import Request.
  path: Assets/Scenes/Main Menu.unity
  artifactKey: Guid(a0a4ef572dcf4564fad4e1ed7f472b1e) Importer(815301076,1909f56bfc062723c751e8b465ee728b)
Start importing Assets/Scenes/Main Menu.unity using Guid(a0a4ef572dcf4564fad4e1ed7f472b1e) Importer(815301076,1909f56bfc062723c751e8b465ee728b)  -> (artifact id: '22ca4c048ef6fc851b1bf4403f0a682c') in 0.015900 seconds
  Import took 0.023953 seconds .

========================================================================
Received Prepare
Registering precompiled user dll's ...
Registered in 0.003071 seconds.
Begin MonoManager ReloadAssembly
Native extension for WindowsStandalone target not found
Native extension for WebGL target not found
Refreshing native plugins compatible for Editor in 1.74 ms, found 1 plugins.
Preloading 0 native plugins for Editor in 0.00 ms.
Warning: Annotation not found!
UnityEngine.StackTraceUtility:ExtractStackTrace ()
UnityEditor.ProBuilder.EditorUtility:SetGizmoIconEnabled (System.Type,bool) (at Library/PackageCache/com.unity.probuilder@4.4.0/Editor/EditorCore/EditorUtility.cs:593)
UnityEditor.ProBuilder.HierarchyListener:.cctor () (at Library/PackageCache/com.unity.probuilder@4.4.0/Editor/EditorCore/HierarchyListener.cs:21)
System.Runtime.CompilerServices.RuntimeHelpers:RunClassConstructor (System.RuntimeTypeHandle)
UnityEditor.EditorAssemblies:ProcessInitializeOnLoadAttributes (System.Type[])

[Library/PackageCache/com.unity.probuilder@4.4.0/Editor/EditorCore/EditorUtility.cs line 593]

Invoked RoslynAnalysisRunner static constructor.
RoslynAnalysisRunner will not be running.
RoslynAnalysisRunner has terminated.
Mono: successfully reloaded assembly
- Completed reload, in  1.324 seconds
Platform modules already initialized, skipping
Shader 'Universal Render Pipeline/Particles/Lit': fallback shader 'Universal Render Pipeline/Particles/SimpleLit' not found
Refreshing native plugins compatible for Editor in 0.81 ms, found 1 plugins.
Preloading 0 native plugins for Editor in 0.00 ms.
Unloading 3237 Unused Serialized files (Serialized files now loaded: 0)
System memory in use before: 154.9 MB.
System memory in use after: 154.7 MB.

Unloading 14 unused Assets to reduce memory usage. Loaded Objects now: 3888.
Total: 4.143100 ms (FindLiveObjects: 0.720800 ms CreateObjectMapping: 0.251800 ms MarkObjects: 2.764000 ms  DeleteObjects: 0.404900 ms)

========================================================================
Received Prepare
Registering precompiled user dll's ...
Registered in 0.002614 seconds.
Begin MonoManager ReloadAssembly
Native extension for WindowsStandalone target not found
Native extension for WebGL target not found
Refreshing native plugins compatible for Editor in 0.83 ms, found 1 plugins.
Preloading 0 native plugins for Editor in 0.00 ms.
Warning: Annotation not found!
UnityEngine.StackTraceUtility:ExtractStackTrace ()
UnityEditor.ProBuilder.EditorUtility:SetGizmoIconEnabled (System.Type,bool) (at Library/PackageCache/com.unity.probuilder@4.4.0/Editor/EditorCore/EditorUtility.cs:593)
UnityEditor.ProBuilder.HierarchyListener:.cctor () (at Library/PackageCache/com.unity.probuilder@4.4.0/Editor/EditorCore/HierarchyListener.cs:21)
System.Runtime.CompilerServices.RuntimeHelpers:RunClassConstructor (System.RuntimeTypeHandle)
UnityEditor.EditorAssemblies:ProcessInitializeOnLoadAttributes (System.Type[])

[Library/PackageCache/com.unity.probuilder@4.4.0/Editor/EditorCore/EditorUtility.cs line 593]

Invoked RoslynAnalysisRunner static constructor.
RoslynAnalysisRunner will not be running.
RoslynAnalysisRunner has terminated.
Mono: successfully reloaded assembly
- Completed reload, in  1.216 seconds
Platform modules already initialized, skipping
Shader 'Universal Render Pipeline/Particles/Lit': fallback shader 'Universal Render Pipeline/Particles/SimpleLit' not found
Refreshing native plugins compatible for Editor in 0.87 ms, found 1 plugins.
Preloading 0 native plugins for Editor in 0.00 ms.
Unloading 3237 Unused Serialized files (Serialized files now loaded: 0)
System memory in use before: 154.9 MB.
System memory in use after: 154.7 MB.

Unloading 14 unused Assets to reduce memory usage. Loaded Objects now: 3891.
Total: 5.017500 ms (FindLiveObjects: 0.436600 ms CreateObjectMapping: 0.128500 ms MarkObjects: 3.824300 ms  DeleteObjects: 0.625000 ms)

========================================================================
Received Prepare
Registering precompiled user dll's ...
Registered in 0.002573 seconds.
Begin MonoManager ReloadAssembly
Native extension for WindowsStandalone target not found
Native extension for WebGL target not found
Refreshing native plugins compatible for Editor in 1.04 ms, found 1 plugins.
Preloading 0 native plugins for Editor in 0.00 ms.
Warning: Annotation not found!
UnityEngine.StackTraceUtility:ExtractStackTrace ()
UnityEditor.ProBuilder.EditorUtility:SetGizmoIconEnabled (System.Type,bool) (at Library/PackageCache/com.unity.probuilder@4.4.0/Editor/EditorCore/EditorUtility.cs:593)
UnityEditor.ProBuilder.HierarchyListener:.cctor () (at Library/PackageCache/com.unity.probuilder@4.4.0/Editor/EditorCore/HierarchyListener.cs:21)
System.Runtime.CompilerServices.RuntimeHelpers:RunClassConstructor (System.RuntimeTypeHandle)
UnityEditor.EditorAssemblies:ProcessInitializeOnLoadAttributes (System.Type[])

[Library/PackageCache/com.unity.probuilder@4.4.0/Editor/EditorCore/EditorUtility.cs line 593]

Invoked RoslynAnalysisRunner static constructor.
RoslynAnalysisRunner will not be running.
RoslynAnalysisRunner has terminated.
Mono: successfully reloaded assembly
- Completed reload, in  1.448 seconds
Platform modules already initialized, skipping
Shader 'Universal Render Pipeline/Particles/Lit': fallback shader 'Universal Render Pipeline/Particles/SimpleLit' not found
Refreshing native plugins compatible for Editor in 1.55 ms, found 1 plugins.
Preloading 0 native plugins for Editor in 0.00 ms.
Unloading 3237 Unused Serialized files (Serialized files now loaded: 0)
System memory in use before: 155.0 MB.
System memory in use after: 154.8 MB.

Unloading 14 unused Assets to reduce memory usage. Loaded Objects now: 3894.
Total: 6.636300 ms (FindLiveObjects: 0.691500 ms CreateObjectMapping: 0.258200 ms MarkObjects: 4.668700 ms  DeleteObjects: 1.014800 ms)

========================================================================
Received Prepare
Registering precompiled user dll's ...
Registered in 0.002302 seconds.
Begin MonoManager ReloadAssembly
Native extension for WindowsStandalone target not found
Native extension for WebGL target not found
Refreshing native plugins compatible for Editor in 1.22 ms, found 1 plugins.
Preloading 0 native plugins for Editor in 0.00 ms.
Warning: Annotation not found!
UnityEngine.StackTraceUtility:ExtractStackTrace ()
UnityEditor.ProBuilder.EditorUtility:SetGizmoIconEnabled (System.Type,bool) (at Library/PackageCache/com.unity.probuilder@4.4.0/Editor/EditorCore/EditorUtility.cs:593)
UnityEditor.ProBuilder.HierarchyListener:.cctor () (at Library/PackageCache/com.unity.probuilder@4.4.0/Editor/EditorCore/HierarchyListener.cs:21)
System.Runtime.CompilerServices.RuntimeHelpers:RunClassConstructor (System.RuntimeTypeHandle)
UnityEditor.EditorAssemblies:ProcessInitializeOnLoadAttributes (System.Type[])

[Library/PackageCache/com.unity.probuilder@4.4.0/Editor/EditorCore/EditorUtility.cs line 593]

Invoked RoslynAnalysisRunner static constructor.
RoslynAnalysisRunner will not be running.
RoslynAnalysisRunner has terminated.
Mono: successfully reloaded assembly
- Completed reload, in  1.165 seconds
Platform modules already initialized, skipping
Shader 'Universal Render Pipeline/Particles/Lit': fallback shader 'Universal Render Pipeline/Particles/SimpleLit' not found
Refreshing native plugins compatible for Editor in 0.85 ms, found 1 plugins.
Preloading 0 native plugins for Editor in 0.00 ms.
Unloading 3237 Unused Serialized files (Serialized files now loaded: 0)
System memory in use before: 155.0 MB.
System memory in use after: 154.8 MB.

Unloading 14 unused Assets to reduce memory usage. Loaded Objects now: 3897.
Total: 5.208800 ms (FindLiveObjects: 0.544200 ms CreateObjectMapping: 0.177000 ms MarkObjects: 3.822900 ms  DeleteObjects: 0.663300 ms)

========================================================================
Received Import Request.
  Time since last request: 373.479752 seconds.
  path: Assets/Prefabs/headseparate.prefab
  artifactKey: Guid(95baa0bcd06514f4d8c018664f71366f) Importer(815301076,1909f56bfc062723c751e8b465ee728b)
Start importing Assets/Prefabs/headseparate.prefab using Guid(95baa0bcd06514f4d8c018664f71366f) Importer(815301076,1909f56bfc062723c751e8b465ee728b)  -> (artifact id: '9510878790ae358e71e2028110c89118') in 0.369962 seconds
  Import took 0.379085 seconds .

========================================================================
Received Prepare
Registering precompiled user dll's ...
Registered in 0.002943 seconds.
Begin MonoManager ReloadAssembly
Native extension for WindowsStandalone target not found
Native extension for WebGL target not found
Refreshing native plugins compatible for Editor in 0.88 ms, found 1 plugins.
Preloading 0 native plugins for Editor in 0.00 ms.
Warning: Annotation not found!
UnityEngine.StackTraceUtility:ExtractStackTrace ()
UnityEditor.ProBuilder.EditorUtility:SetGizmoIconEnabled (System.Type,bool) (at Library/PackageCache/com.unity.probuilder@4.4.0/Editor/EditorCore/EditorUtility.cs:593)
UnityEditor.ProBuilder.HierarchyListener:.cctor () (at Library/PackageCache/com.unity.probuilder@4.4.0/Editor/EditorCore/HierarchyListener.cs:21)
System.Runtime.CompilerServices.RuntimeHelpers:RunClassConstructor (System.RuntimeTypeHandle)
UnityEditor.EditorAssemblies:ProcessInitializeOnLoadAttributes (System.Type[])

[Library/PackageCache/com.unity.probuilder@4.4.0/Editor/EditorCore/EditorUtility.cs line 593]

Invoked RoslynAnalysisRunner static constructor.
RoslynAnalysisRunner will not be running.
RoslynAnalysisRunner has terminated.
Mono: successfully reloaded assembly
- Completed reload, in  1.331 seconds
Platform modules already initialized, skipping
Shader 'Universal Render Pipeline/Particles/Lit': fallback shader 'Universal Render Pipeline/Particles/SimpleLit' not found
Refreshing native plugins compatible for Editor in 0.83 ms, found 1 plugins.
Preloading 0 native plugins for Editor in 0.00 ms.
Unloading 3237 Unused Serialized files (Serialized files now loaded: 0)
System memory in use before: 159.8 MB.
System memory in use after: 159.6 MB.

Unloading 15 unused Assets to reduce memory usage. Loaded Objects now: 3948.
Total: 5.088900 ms (FindLiveObjects: 0.503800 ms CreateObjectMapping: 0.119700 ms MarkObjects: 3.916500 ms  DeleteObjects: 0.547300 ms)

========================================================================
Received Import Request.
  Time since last request: 156.166315 seconds.
  path: Assets/Scripts/punch.cs
  artifactKey: Guid(88719d5b552031d44998085ca750f1ae) Importer(815301076,1909f56bfc062723c751e8b465ee728b)
Start importing Assets/Scripts/punch.cs using Guid(88719d5b552031d44998085ca750f1ae) Importer(815301076,1909f56bfc062723c751e8b465ee728b)  -> (artifact id: '8c405b9db01e0909b527ba856ee82de3') in 0.020821 seconds
  Import took 0.029584 seconds .

========================================================================
Received Prepare
Registering precompiled user dll's ...
Registered in 0.002295 seconds.
Begin MonoManager ReloadAssembly
Native extension for WindowsStandalone target not found
Native extension for WebGL target not found
Refreshing native plugins compatible for Editor in 1.22 ms, found 1 plugins.
Preloading 0 native plugins for Editor in 0.00 ms.
Warning: Annotation not found!
UnityEngine.StackTraceUtility:ExtractStackTrace ()
UnityEditor.ProBuilder.EditorUtility:SetGizmoIconEnabled (System.Type,bool) (at Library/PackageCache/com.unity.probuilder@4.4.0/Editor/EditorCore/EditorUtility.cs:593)
UnityEditor.ProBuilder.HierarchyListener:.cctor () (at Library/PackageCache/com.unity.probuilder@4.4.0/Editor/EditorCore/HierarchyListener.cs:21)
System.Runtime.CompilerServices.RuntimeHelpers:RunClassConstructor (System.RuntimeTypeHandle)
UnityEditor.EditorAssemblies:ProcessInitializeOnLoadAttributes (System.Type[])

[Library/PackageCache/com.unity.probuilder@4.4.0/Editor/EditorCore/EditorUtility.cs line 593]

Invoked RoslynAnalysisRunner static constructor.
RoslynAnalysisRunner will not be running.
RoslynAnalysisRunner has terminated.
Mono: successfully reloaded assembly
- Completed reload, in  1.235 seconds
Platform modules already initialized, skipping
Shader 'Universal Render Pipeline/Particles/Lit': fallback shader 'Universal Render Pipeline/Particles/SimpleLit' not found
Refreshing native plugins compatible for Editor in 0.84 ms, found 1 plugins.
Preloading 0 native plugins for Editor in 0.00 ms.
Unloading 3237 Unused Serialized files (Serialized files now loaded: 0)
System memory in use before: 159.8 MB.
System memory in use after: 159.6 MB.

Unloading 14 unused Assets to reduce memory usage. Loaded Objects now: 3951.
Total: 5.572700 ms (FindLiveObjects: 0.403000 ms CreateObjectMapping: 0.112900 ms MarkObjects: 4.432000 ms  DeleteObjects: 0.623100 ms)

========================================================================
Received Import Request.
  Time since last request: 22.569953 seconds.
  path: Assets/Scripts/punch.cs
  artifactKey: Guid(88719d5b552031d44998085ca750f1ae) Importer(815301076,1909f56bfc062723c751e8b465ee728b)
Start importing Assets/Scripts/punch.cs using Guid(88719d5b552031d44998085ca750f1ae) Importer(815301076,1909f56bfc062723c751e8b465ee728b)  -> (artifact id: '074823dc47301d25e1c99820982653d3') in 0.012177 seconds
  Import took 0.021503 seconds .

========================================================================
Received Import Request.
  Time since last request: 33.498678 seconds.
  path: Assets/Prefabs/npc hard.prefab
  artifactKey: Guid(8eaa98333e9c68940914b06632a14bb5) Importer(815301076,1909f56bfc062723c751e8b465ee728b)
Start importing Assets/Prefabs/npc hard.prefab using Guid(8eaa98333e9c68940914b06632a14bb5) Importer(815301076,1909f56bfc062723c751e8b465ee728b)  -> (artifact id: 'b3fe528d8cf91894c3d1ced6f2efb146') in 0.229796 seconds
  Import took 0.238811 seconds .

========================================================================
Received Import Request.
  Time since last request: 0.000231 seconds.
  path: Assets/Prefabs/npc medium.prefab
  artifactKey: Guid(4fdee82f728636c41a22ef5ce9248773) Importer(815301076,1909f56bfc062723c751e8b465ee728b)
Start importing Assets/Prefabs/npc medium.prefab using Guid(4fdee82f728636c41a22ef5ce9248773) Importer(815301076,1909f56bfc062723c751e8b465ee728b)  -> (artifact id: '18cc549042f72e3ff26127b607e6ea4f') in 0.042411 seconds
  Import took 0.051146 seconds .

========================================================================
Received Import Request.
  Time since last request: 0.000313 seconds.
  path: Assets/Prefabs/npc.prefab
  artifactKey: Guid(5663407165b407b40832b9596b650333) Importer(815301076,1909f56bfc062723c751e8b465ee728b)
Start importing Assets/Prefabs/npc.prefab using Guid(5663407165b407b40832b9596b650333) Importer(815301076,1909f56bfc062723c751e8b465ee728b)  -> (artifact id: 'f119e763127feb2a16651d472e4d0ca0') in 0.033205 seconds
  Import took 0.042819 seconds .

========================================================================
Received Import Request.
  Time since last request: 0.004205 seconds.
  path: Assets/Prefabs/npc.prefab
  artifactKey: Guid(5663407165b407b40832b9596b650333) Importer(815301076,1909f56bfc062723c751e8b465ee728b)
Start importing Assets/Prefabs/npc.prefab using Guid(5663407165b407b40832b9596b650333) Importer(815301076,1909f56bfc062723c751e8b465ee728b)  -> (artifact id: 'f119e763127feb2a16651d472e4d0ca0') in 0.027741 seconds
  Import took 0.038124 seconds .

========================================================================
Received Import Request.
  Time since last request: 9.932426 seconds.
  path: Assets/Prefabs/npc.prefab
  artifactKey: Guid(5663407165b407b40832b9596b650333) Importer(815301076,1909f56bfc062723c751e8b465ee728b)
Start importing Assets/Prefabs/npc.prefab using Guid(5663407165b407b40832b9596b650333) Importer(815301076,1909f56bfc062723c751e8b465ee728b)  -> (artifact id: 'ff9a71d1928475d31cfefb46b19d6a30') in 0.025765 seconds
  Import took 0.034890 seconds .

========================================================================
Received Prepare
Registering precompiled user dll's ...
Registered in 0.002821 seconds.
Begin MonoManager ReloadAssembly
Native extension for WindowsStandalone target not found
Native extension for WebGL target not found
Refreshing native plugins compatible for Editor in 1.27 ms, found 1 plugins.
Preloading 0 native plugins for Editor in 0.00 ms.
Warning: Annotation not found!
UnityEngine.StackTraceUtility:ExtractStackTrace ()
UnityEditor.ProBuilder.EditorUtility:SetGizmoIconEnabled (System.Type,bool) (at Library/PackageCache/com.unity.probuilder@4.4.0/Editor/EditorCore/EditorUtility.cs:593)
UnityEditor.ProBuilder.HierarchyListener:.cctor () (at Library/PackageCache/com.unity.probuilder@4.4.0/Editor/EditorCore/HierarchyListener.cs:21)
System.Runtime.CompilerServices.RuntimeHelpers:RunClassConstructor (System.RuntimeTypeHandle)
UnityEditor.EditorAssemblies:ProcessInitializeOnLoadAttributes (System.Type[])

[Library/PackageCache/com.unity.probuilder@4.4.0/Editor/EditorCore/EditorUtility.cs line 593]

Invoked RoslynAnalysisRunner static constructor.
RoslynAnalysisRunner will not be running.
RoslynAnalysisRunner has terminated.
Mono: successfully reloaded assembly
- Completed reload, in  1.246 seconds
Platform modules already initialized, skipping
Shader 'Universal Render Pipeline/Particles/Lit': fallback shader 'Universal Render Pipeline/Particles/SimpleLit' not found
Refreshing native plugins compatible for Editor in 0.84 ms, found 1 plugins.
Preloading 0 native plugins for Editor in 0.00 ms.
Unloading 3237 Unused Serialized files (Serialized files now loaded: 0)
System memory in use before: 160.2 MB.
System memory in use after: 160.0 MB.

Unloading 14 unused Assets to reduce memory usage. Loaded Objects now: 3990.
Total: 5.552600 ms (FindLiveObjects: 0.490700 ms CreateObjectMapping: 0.146500 ms MarkObjects: 4.337100 ms  DeleteObjects: 0.576100 ms)

========================================================================
Received Prepare
Registering precompiled user dll's ...
Registered in 0.002479 seconds.
Begin MonoManager ReloadAssembly
Native extension for WindowsStandalone target not found
Native extension for WebGL target not found
Refreshing native plugins compatible for Editor in 1.54 ms, found 1 plugins.
Preloading 0 native plugins for Editor in 0.00 ms.
Warning: Annotation not found!
UnityEngine.StackTraceUtility:ExtractStackTrace ()
UnityEditor.ProBuilder.EditorUtility:SetGizmoIconEnabled (System.Type,bool) (at Library/PackageCache/com.unity.probuilder@4.4.0/Editor/EditorCore/EditorUtility.cs:593)
UnityEditor.ProBuilder.HierarchyListener:.cctor () (at Library/PackageCache/com.unity.probuilder@4.4.0/Editor/EditorCore/HierarchyListener.cs:21)
System.Runtime.CompilerServices.RuntimeHelpers:RunClassConstructor (System.RuntimeTypeHandle)
UnityEditor.EditorAssemblies:ProcessInitializeOnLoadAttributes (System.Type[])

[Library/PackageCache/com.unity.probuilder@4.4.0/Editor/EditorCore/EditorUtility.cs line 593]

Invoked RoslynAnalysisRunner static constructor.
RoslynAnalysisRunner will not be running.
RoslynAnalysisRunner has terminated.
Mono: successfully reloaded assembly
- Completed reload, in  1.231 seconds
Platform modules already initialized, skipping
Shader 'Universal Render Pipeline/Particles/Lit': fallback shader 'Universal Render Pipeline/Particles/SimpleLit' not found
Refreshing native plugins compatible for Editor in 0.84 ms, found 1 plugins.
Preloading 0 native plugins for Editor in 0.00 ms.
Unloading 3237 Unused Serialized files (Serialized files now loaded: 0)
System memory in use before: 160.2 MB.
System memory in use after: 160.0 MB.

Unloading 14 unused Assets to reduce memory usage. Loaded Objects now: 3993.
Total: 5.688400 ms (FindLiveObjects: 0.553300 ms CreateObjectMapping: 0.166900 ms MarkObjects: 4.355000 ms  DeleteObjects: 0.611400 ms)

========================================================================
Received Prepare
Registering precompiled user dll's ...
Registered in 0.003395 seconds.
Begin MonoManager ReloadAssembly
Native extension for WindowsStandalone target not found
Native extension for WebGL target not found
Refreshing native plugins compatible for Editor in 0.85 ms, found 1 plugins.
Preloading 0 native plugins for Editor in 0.00 ms.
Warning: Annotation not found!
UnityEngine.StackTraceUtility:ExtractStackTrace ()
UnityEditor.ProBuilder.EditorUtility:SetGizmoIconEnabled (System.Type,bool) (at Library/PackageCache/com.unity.probuilder@4.4.0/Editor/EditorCore/EditorUtility.cs:593)
UnityEditor.ProBuilder.HierarchyListener:.cctor () (at Library/PackageCache/com.unity.probuilder@4.4.0/Editor/EditorCore/HierarchyListener.cs:21)
System.Runtime.CompilerServices.RuntimeHelpers:RunClassConstructor (System.RuntimeTypeHandle)
UnityEditor.EditorAssemblies:ProcessInitializeOnLoadAttributes (System.Type[])

[Library/PackageCache/com.unity.probuilder@4.4.0/Editor/EditorCore/EditorUtility.cs line 593]

Invoked RoslynAnalysisRunner static constructor.
RoslynAnalysisRunner will not be running.
RoslynAnalysisRunner has terminated.
Mono: successfully reloaded assembly
- Completed reload, in  1.231 seconds
Platform modules already initialized, skipping
Shader 'Universal Render Pipeline/Particles/Lit': fallback shader 'Universal Render Pipeline/Particles/SimpleLit' not found
Refreshing native plugins compatible for Editor in 1.11 ms, found 1 plugins.
Preloading 0 native plugins for Editor in 0.00 ms.
Unloading 3237 Unused Serialized files (Serialized files now loaded: 0)
System memory in use before: 160.2 MB.
System memory in use after: 160.0 MB.

Unloading 14 unused Assets to reduce memory usage. Loaded Objects now: 3996.
Total: 7.346000 ms (FindLiveObjects: 1.349000 ms CreateObjectMapping: 0.502100 ms MarkObjects: 4.940100 ms  DeleteObjects: 0.552400 ms)

========================================================================
Received Prepare
Registering precompiled user dll's ...
Registered in 0.003145 seconds.
Begin MonoManager ReloadAssembly
Native extension for WindowsStandalone target not found
Native extension for WebGL target not found
Refreshing native plugins compatible for Editor in 1.00 ms, found 1 plugins.
Preloading 0 native plugins for Editor in 0.00 ms.
Warning: Annotation not found!
UnityEngine.StackTraceUtility:ExtractStackTrace ()
UnityEditor.ProBuilder.EditorUtility:SetGizmoIconEnabled (System.Type,bool) (at Library/PackageCache/com.unity.probuilder@4.4.0/Editor/EditorCore/EditorUtility.cs:593)
UnityEditor.ProBuilder.HierarchyListener:.cctor () (at Library/PackageCache/com.unity.probuilder@4.4.0/Editor/EditorCore/HierarchyListener.cs:21)
System.Runtime.CompilerServices.RuntimeHelpers:RunClassConstructor (System.RuntimeTypeHandle)
UnityEditor.EditorAssemblies:ProcessInitializeOnLoadAttributes (System.Type[])

[Library/PackageCache/com.unity.probuilder@4.4.0/Editor/EditorCore/EditorUtility.cs line 593]

Invoked RoslynAnalysisRunner static constructor.
RoslynAnalysisRunner will not be running.
RoslynAnalysisRunner has terminated.
Mono: successfully reloaded assembly
- Completed reload, in  1.300 seconds
Platform modules already initialized, skipping
Shader 'Universal Render Pipeline/Particles/Lit': fallback shader 'Universal Render Pipeline/Particles/SimpleLit' not found
Refreshing native plugins compatible for Editor in 1.10 ms, found 1 plugins.
Preloading 0 native plugins for Editor in 0.00 ms.
Unloading 3237 Unused Serialized files (Serialized files now loaded: 0)
System memory in use before: 160.2 MB.
System memory in use after: 160.0 MB.

Unloading 14 unused Assets to reduce memory usage. Loaded Objects now: 3999.
Total: 6.692100 ms (FindLiveObjects: 1.058600 ms CreateObjectMapping: 0.499000 ms MarkObjects: 4.492100 ms  DeleteObjects: 0.638500 ms)

========================================================================
Received Prepare
Registering precompiled user dll's ...
Registered in 0.002342 seconds.
Begin MonoManager ReloadAssembly
Native extension for WindowsStandalone target not found
Native extension for WebGL target not found
Refreshing native plugins compatible for Editor in 1.26 ms, found 1 plugins.
Preloading 0 native plugins for Editor in 0.00 ms.
Warning: Annotation not found!
UnityEngine.StackTraceUtility:ExtractStackTrace ()
UnityEditor.ProBuilder.EditorUtility:SetGizmoIconEnabled (System.Type,bool) (at Library/PackageCache/com.unity.probuilder@4.4.0/Editor/EditorCore/EditorUtility.cs:593)
UnityEditor.ProBuilder.HierarchyListener:.cctor () (at Library/PackageCache/com.unity.probuilder@4.4.0/Editor/EditorCore/HierarchyListener.cs:21)
System.Runtime.CompilerServices.RuntimeHelpers:RunClassConstructor (System.RuntimeTypeHandle)
UnityEditor.EditorAssemblies:ProcessInitializeOnLoadAttributes (System.Type[])

[Library/PackageCache/com.unity.probuilder@4.4.0/Editor/EditorCore/EditorUtility.cs line 593]

Invoked RoslynAnalysisRunner static constructor.
RoslynAnalysisRunner will not be running.
RoslynAnalysisRunner has terminated.
Mono: successfully reloaded assembly
- Completed reload, in  1.283 seconds
Platform modules already initialized, skipping
Shader 'Universal Render Pipeline/Particles/Lit': fallback shader 'Universal Render Pipeline/Particles/SimpleLit' not found
Refreshing native plugins compatible for Editor in 0.81 ms, found 1 plugins.
Preloading 0 native plugins for Editor in 0.00 ms.
Unloading 3237 Unused Serialized files (Serialized files now loaded: 0)
System memory in use before: 160.2 MB.
System memory in use after: 160.0 MB.

Unloading 14 unused Assets to reduce memory usage. Loaded Objects now: 4002.
Total: 4.212200 ms (FindLiveObjects: 0.525400 ms CreateObjectMapping: 0.218400 ms MarkObjects: 2.947900 ms  DeleteObjects: 0.519100 ms)

========================================================================
Received Prepare
Registering precompiled user dll's ...
Registered in 0.002870 seconds.
Begin MonoManager ReloadAssembly
Native extension for WindowsStandalone target not found
Native extension for WebGL target not found
Refreshing native plugins compatible for Editor in 0.99 ms, found 1 plugins.
Preloading 0 native plugins for Editor in 0.00 ms.
Warning: Annotation not found!
UnityEngine.StackTraceUtility:ExtractStackTrace ()
UnityEditor.ProBuilder.EditorUtility:SetGizmoIconEnabled (System.Type,bool) (at Library/PackageCache/com.unity.probuilder@4.4.0/Editor/EditorCore/EditorUtility.cs:593)
UnityEditor.ProBuilder.HierarchyListener:.cctor () (at Library/PackageCache/com.unity.probuilder@4.4.0/Editor/EditorCore/HierarchyListener.cs:21)
System.Runtime.CompilerServices.RuntimeHelpers:RunClassConstructor (System.RuntimeTypeHandle)
UnityEditor.EditorAssemblies:ProcessInitializeOnLoadAttributes (System.Type[])

[Library/PackageCache/com.unity.probuilder@4.4.0/Editor/EditorCore/EditorUtility.cs line 593]

Invoked RoslynAnalysisRunner static constructor.
RoslynAnalysisRunner will not be running.
RoslynAnalysisRunner has terminated.
Mono: successfully reloaded assembly
- Completed reload, in  1.212 seconds
Platform modules already initialized, skipping
Shader 'Universal Render Pipeline/Particles/Lit': fallback shader 'Universal Render Pipeline/Particles/SimpleLit' not found
Refreshing native plugins compatible for Editor in 0.91 ms, found 1 plugins.
Preloading 0 native plugins for Editor in 0.00 ms.
Unloading 3237 Unused Serialized files (Serialized files now loaded: 0)
System memory in use before: 160.2 MB.
System memory in use after: 160.0 MB.

Unloading 14 unused Assets to reduce memory usage. Loaded Objects now: 4005.
Total: 7.553000 ms (FindLiveObjects: 1.364400 ms CreateObjectMapping: 0.664400 ms MarkObjects: 4.829800 ms  DeleteObjects: 0.691500 ms)

========================================================================
Received Prepare
Registering precompiled user dll's ...
Registered in 0.002367 seconds.
Begin MonoManager ReloadAssembly
Native extension for WindowsStandalone target not found
Native extension for WebGL target not found
Refreshing native plugins compatible for Editor in 0.87 ms, found 1 plugins.
Preloading 0 native plugins for Editor in 0.00 ms.
Warning: Annotation not found!
UnityEngine.StackTraceUtility:ExtractStackTrace ()
UnityEditor.ProBuilder.EditorUtility:SetGizmoIconEnabled (System.Type,bool) (at Library/PackageCache/com.unity.probuilder@4.4.0/Editor/EditorCore/EditorUtility.cs:593)
UnityEditor.ProBuilder.HierarchyListener:.cctor () (at Library/PackageCache/com.unity.probuilder@4.4.0/Editor/EditorCore/HierarchyListener.cs:21)
System.Runtime.CompilerServices.RuntimeHelpers:RunClassConstructor (System.RuntimeTypeHandle)
UnityEditor.EditorAssemblies:ProcessInitializeOnLoadAttributes (System.Type[])

[Library/PackageCache/com.unity.probuilder@4.4.0/Editor/EditorCore/EditorUtility.cs line 593]

Invoked RoslynAnalysisRunner static constructor.
RoslynAnalysisRunner will not be running.
RoslynAnalysisRunner has terminated.
Mono: successfully reloaded assembly
- Completed reload, in  1.256 seconds
Platform modules already initialized, skipping
Shader 'Universal Render Pipeline/Particles/Lit': fallback shader 'Universal Render Pipeline/Particles/SimpleLit' not found
Refreshing native plugins compatible for Editor in 0.77 ms, found 1 plugins.
Preloading 0 native plugins for Editor in 0.00 ms.
Unloading 3237 Unused Serialized files (Serialized files now loaded: 0)
System memory in use before: 160.2 MB.
System memory in use after: 160.0 MB.

Unloading 14 unused Assets to reduce memory usage. Loaded Objects now: 4008.
Total: 5.150100 ms (FindLiveObjects: 0.500200 ms CreateObjectMapping: 0.135400 ms MarkObjects: 3.858500 ms  DeleteObjects: 0.654100 ms)

========================================================================
Received Prepare
Registering precompiled user dll's ...
Registered in 0.002583 seconds.
Begin MonoManager ReloadAssembly
Native extension for WindowsStandalone target not found
Native extension for WebGL target not found
Refreshing native plugins compatible for Editor in 0.95 ms, found 1 plugins.
Preloading 0 native plugins for Editor in 0.00 ms.
Warning: Annotation not found!
UnityEngine.StackTraceUtility:ExtractStackTrace ()
UnityEditor.ProBuilder.EditorUtility:SetGizmoIconEnabled (System.Type,bool) (at Library/PackageCache/com.unity.probuilder@4.4.0/Editor/EditorCore/EditorUtility.cs:593)
UnityEditor.ProBuilder.HierarchyListener:.cctor () (at Library/PackageCache/com.unity.probuilder@4.4.0/Editor/EditorCore/HierarchyListener.cs:21)
System.Runtime.CompilerServices.RuntimeHelpers:RunClassConstructor (System.RuntimeTypeHandle)
UnityEditor.EditorAssemblies:ProcessInitializeOnLoadAttributes (System.Type[])

[Library/PackageCache/com.unity.probuilder@4.4.0/Editor/EditorCore/EditorUtility.cs line 593]

Invoked RoslynAnalysisRunner static constructor.
RoslynAnalysisRunner will not be running.
RoslynAnalysisRunner has terminated.
Mono: successfully reloaded assembly
- Completed reload, in  1.228 seconds
Platform modules already initialized, skipping
Shader 'Universal Render Pipeline/Particles/Lit': fallback shader 'Universal Render Pipeline/Particles/SimpleLit' not found
Refreshing native plugins compatible for Editor in 0.86 ms, found 1 plugins.
Preloading 0 native plugins for Editor in 0.00 ms.
Unloading 3237 Unused Serialized files (Serialized files now loaded: 0)
System memory in use before: 160.2 MB.
System memory in use after: 160.0 MB.

Unloading 14 unused Assets to reduce memory usage. Loaded Objects now: 4011.
Total: 15.410000 ms (FindLiveObjects: 1.423800 ms CreateObjectMapping: 0.650900 ms MarkObjects: 6.724800 ms  DeleteObjects: 6.605400 ms)

========================================================================
Received Prepare
Registering precompiled user dll's ...
Registered in 0.002256 seconds.
Begin MonoManager ReloadAssembly
Native extension for WindowsStandalone target not found
Native extension for WebGL target not found
Refreshing native plugins compatible for Editor in 1.08 ms, found 1 plugins.
Preloading 0 native plugins for Editor in 0.00 ms.
Warning: Annotation not found!
UnityEngine.StackTraceUtility:ExtractStackTrace ()
UnityEditor.ProBuilder.EditorUtility:SetGizmoIconEnabled (System.Type,bool) (at Library/PackageCache/com.unity.probuilder@4.4.0/Editor/EditorCore/EditorUtility.cs:593)
UnityEditor.ProBuilder.HierarchyListener:.cctor () (at Library/PackageCache/com.unity.probuilder@4.4.0/Editor/EditorCore/HierarchyListener.cs:21)
System.Runtime.CompilerServices.RuntimeHelpers:RunClassConstructor (System.RuntimeTypeHandle)
UnityEditor.EditorAssemblies:ProcessInitializeOnLoadAttributes (System.Type[])

[Library/PackageCache/com.unity.probuilder@4.4.0/Editor/EditorCore/EditorUtility.cs line 593]

Invoked RoslynAnalysisRunner static constructor.
RoslynAnalysisRunner will not be running.
RoslynAnalysisRunner has terminated.
Mono: successfully reloaded assembly
- Completed reload, in  1.245 seconds
Platform modules already initialized, skipping
Shader 'Universal Render Pipeline/Particles/Lit': fallback shader 'Universal Render Pipeline/Particles/SimpleLit' not found
Refreshing native plugins compatible for Editor in 0.92 ms, found 1 plugins.
Preloading 0 native plugins for Editor in 0.00 ms.
Unloading 3237 Unused Serialized files (Serialized files now loaded: 0)
System memory in use before: 160.2 MB.
System memory in use after: 160.0 MB.

Unloading 14 unused Assets to reduce memory usage. Loaded Objects now: 4014.
Total: 5.145100 ms (FindLiveObjects: 0.599500 ms CreateObjectMapping: 0.242600 ms MarkObjects: 3.761900 ms  DeleteObjects: 0.539600 ms)

========================================================================
Received Import Request.
  Time since last request: 491.417082 seconds.
  path: Assets/Prefabs/headseparate.prefab
  artifactKey: Guid(95baa0bcd06514f4d8c018664f71366f) Importer(815301076,1909f56bfc062723c751e8b465ee728b)
Start importing Assets/Prefabs/headseparate.prefab using Guid(95baa0bcd06514f4d8c018664f71366f) Importer(815301076,1909f56bfc062723c751e8b465ee728b)  -> (artifact id: 'bf32e9f6f9fcb9ecbf9cd1bf5e3c70f0') in 0.224219 seconds
  Import took 0.232567 seconds .

========================================================================
Received Import Request.
  Time since last request: 9.705305 seconds.
  path: Assets/Prefabs/headseparate.prefab
  artifactKey: Guid(95baa0bcd06514f4d8c018664f71366f) Importer(815301076,1909f56bfc062723c751e8b465ee728b)
Start importing Assets/Prefabs/headseparate.prefab using Guid(95baa0bcd06514f4d8c018664f71366f) Importer(815301076,1909f56bfc062723c751e8b465ee728b)  -> (artifact id: 'a2fc5c8a55142cd1ca6f82dc48e455e9') in 0.023603 seconds
  Import took 0.033872 seconds .

========================================================================
Received Import Request.
  Time since last request: 9.507629 seconds.
  path: Assets/Prefabs/headseparate.prefab
  artifactKey: Guid(95baa0bcd06514f4d8c018664f71366f) Importer(815301076,1909f56bfc062723c751e8b465ee728b)
Start importing Assets/Prefabs/headseparate.prefab using Guid(95baa0bcd06514f4d8c018664f71366f) Importer(815301076,1909f56bfc062723c751e8b465ee728b)  -> (artifact id: 'bd2820125eb2af7cd693828e5868a822') in 0.026350 seconds
  Import took 0.036247 seconds .

========================================================================
Received Import Request.
  Time since last request: 8.246977 seconds.
  path: Assets/Prefabs/headseparate.prefab
  artifactKey: Guid(95baa0bcd06514f4d8c018664f71366f) Importer(815301076,1909f56bfc062723c751e8b465ee728b)
Start importing Assets/Prefabs/headseparate.prefab using Guid(95baa0bcd06514f4d8c018664f71366f) Importer(815301076,1909f56bfc062723c751e8b465ee728b)  -> (artifact id: '5a5c622519de1680af1a1e66ba43eead') in 0.023945 seconds
  Import took 0.033638 seconds .

========================================================================
Received Import Request.
  Time since last request: 3.641528 seconds.
  path: Assets/Prefabs/headseparate.prefab
  artifactKey: Guid(95baa0bcd06514f4d8c018664f71366f) Importer(815301076,1909f56bfc062723c751e8b465ee728b)
Start importing Assets/Prefabs/headseparate.prefab using Guid(95baa0bcd06514f4d8c018664f71366f) Importer(815301076,1909f56bfc062723c751e8b465ee728b)  -> (artifact id: '756c39355dd9aef0883093157ed2322f') in 0.024493 seconds
  Import took 0.033885 seconds .

========================================================================
Received Import Request.
  Time since last request: 5.029985 seconds.
  path: Assets/Prefabs/headseparate.prefab
  artifactKey: Guid(95baa0bcd06514f4d8c018664f71366f) Importer(815301076,1909f56bfc062723c751e8b465ee728b)
Start importing Assets/Prefabs/headseparate.prefab using Guid(95baa0bcd06514f4d8c018664f71366f) Importer(815301076,1909f56bfc062723c751e8b465ee728b)  -> (artifact id: '2d19ee6f3a519ff064a4ce041dee4b99') in 0.024746 seconds
  Import took 0.033925 seconds .

========================================================================
Received Import Request.
  Time since last request: 10.940869 seconds.
  path: Assets/Prefabs/headseparate.prefab
  artifactKey: Guid(95baa0bcd06514f4d8c018664f71366f) Importer(815301076,1909f56bfc062723c751e8b465ee728b)
Start importing Assets/Prefabs/headseparate.prefab using Guid(95baa0bcd06514f4d8c018664f71366f) Importer(815301076,1909f56bfc062723c751e8b465ee728b)  -> (artifact id: '279d11a41ed129837a36b3116ad27d6a') in 0.022710 seconds
  Import took 0.032810 seconds .

========================================================================
Received Import Request.
  Time since last request: 137.711200 seconds.
  path: Assets/Prefabs/headseparate.prefab
  artifactKey: Guid(95baa0bcd06514f4d8c018664f71366f) Importer(815301076,1909f56bfc062723c751e8b465ee728b)
Start importing Assets/Prefabs/headseparate.prefab using Guid(95baa0bcd06514f4d8c018664f71366f) Importer(815301076,1909f56bfc062723c751e8b465ee728b)  -> (artifact id: '8d24cb90245eadc758dae8f67da97463') in 0.023936 seconds
  Import took 0.035643 seconds .

========================================================================
Received Import Request.
  Time since last request: 0.004846 seconds.
  path: Assets/Prefabs/headseparate.prefab
  artifactKey: Guid(95baa0bcd06514f4d8c018664f71366f) Importer(815301076,1909f56bfc062723c751e8b465ee728b)
Start importing Assets/Prefabs/headseparate.prefab using Guid(95baa0bcd06514f4d8c018664f71366f) Importer(815301076,1909f56bfc062723c751e8b465ee728b)  -> (artifact id: '8d24cb90245eadc758dae8f67da97463') in 0.021324 seconds
  Import took 0.028561 seconds .

========================================================================
Received Prepare
Registering precompiled user dll's ...
Registered in 0.002793 seconds.
Begin MonoManager ReloadAssembly
Native extension for WindowsStandalone target not found
Native extension for WebGL target not found
Refreshing native plugins compatible for Editor in 1.74 ms, found 1 plugins.
Preloading 0 native plugins for Editor in 0.00 ms.
Warning: Annotation not found!
UnityEngine.StackTraceUtility:ExtractStackTrace ()
UnityEditor.ProBuilder.EditorUtility:SetGizmoIconEnabled (System.Type,bool) (at Library/PackageCache/com.unity.probuilder@4.4.0/Editor/EditorCore/EditorUtility.cs:593)
UnityEditor.ProBuilder.HierarchyListener:.cctor () (at Library/PackageCache/com.unity.probuilder@4.4.0/Editor/EditorCore/HierarchyListener.cs:21)
System.Runtime.CompilerServices.RuntimeHelpers:RunClassConstructor (System.RuntimeTypeHandle)
UnityEditor.EditorAssemblies:ProcessInitializeOnLoadAttributes (System.Type[])

[Library/PackageCache/com.unity.probuilder@4.4.0/Editor/EditorCore/EditorUtility.cs line 593]

Invoked RoslynAnalysisRunner static constructor.
RoslynAnalysisRunner will not be running.
RoslynAnalysisRunner has terminated.
Mono: successfully reloaded assembly
- Completed reload, in  1.403 seconds
Platform modules already initialized, skipping
Shader 'Universal Render Pipeline/Particles/Lit': fallback shader 'Universal Render Pipeline/Particles/SimpleLit' not found
Refreshing native plugins compatible for Editor in 0.81 ms, found 1 plugins.
Preloading 0 native plugins for Editor in 0.00 ms.
Unloading 3237 Unused Serialized files (Serialized files now loaded: 0)
System memory in use before: 160.4 MB.
System memory in use after: 160.2 MB.

Unloading 15 unused Assets to reduce memory usage. Loaded Objects now: 4053.
Total: 4.603300 ms (FindLiveObjects: 0.406700 ms CreateObjectMapping: 0.094400 ms MarkObjects: 3.610700 ms  DeleteObjects: 0.489400 ms)

========================================================================
Received Import Request.
  Time since last request: 22.454953 seconds.
  path: Assets/Prefabs/headseparate.prefab
  artifactKey: Guid(95baa0bcd06514f4d8c018664f71366f) Importer(815301076,1909f56bfc062723c751e8b465ee728b)
Start importing Assets/Prefabs/headseparate.prefab using Guid(95baa0bcd06514f4d8c018664f71366f) Importer(815301076,1909f56bfc062723c751e8b465ee728b)  -> (artifact id: 'd322fb149f07a6fe79e4dcf8a6382874') in 0.185880 seconds
  Import took 0.194475 seconds .

========================================================================
Received Import Request.
  Time since last request: 3.124255 seconds.
  path: Assets/Prefabs/headseparate 1.prefab
  artifactKey: Guid(38af21684a7dc1b41afeafbcfb5f1204) Importer(815301076,1909f56bfc062723c751e8b465ee728b)
Start importing Assets/Prefabs/headseparate 1.prefab using Guid(38af21684a7dc1b41afeafbcfb5f1204) Importer(815301076,1909f56bfc062723c751e8b465ee728b)  -> (artifact id: 'b11dab29d6ea70a77d64a83717640a2b') in 0.026442 seconds
  Import took 0.034218 seconds .

========================================================================
Received Import Request.
  Time since last request: 0.018181 seconds.
  path: Assets/Prefabs/headseparate 1.prefab
  artifactKey: Guid(38af21684a7dc1b41afeafbcfb5f1204) Importer(815301076,1909f56bfc062723c751e8b465ee728b)
Start importing Assets/Prefabs/headseparate 1.prefab using Guid(38af21684a7dc1b41afeafbcfb5f1204) Importer(815301076,1909f56bfc062723c751e8b465ee728b)  -> (artifact id: 'b11dab29d6ea70a77d64a83717640a2b') in 0.021462 seconds
  Import took 0.028818 seconds .

========================================================================
Received Import Request.
  Time since last request: 0.439869 seconds.
  path: Assets/Prefabs/headseparate 2.prefab
  artifactKey: Guid(7bc7a3f72469b2c46993b230f227ace0) Importer(815301076,1909f56bfc062723c751e8b465ee728b)
Start importing Assets/Prefabs/headseparate 2.prefab using Guid(7bc7a3f72469b2c46993b230f227ace0) Importer(815301076,1909f56bfc062723c751e8b465ee728b)  -> (artifact id: '93b5d30288ca5d6538a2e3b9a64253c1') in 0.029367 seconds
  Import took 0.037428 seconds .

========================================================================
Received Import Request.
  Time since last request: 0.020461 seconds.
  path: Assets/Prefabs/headseparate 2.prefab
  artifactKey: Guid(7bc7a3f72469b2c46993b230f227ace0) Importer(815301076,1909f56bfc062723c751e8b465ee728b)
Start importing Assets/Prefabs/headseparate 2.prefab using Guid(7bc7a3f72469b2c46993b230f227ace0) Importer(815301076,1909f56bfc062723c751e8b465ee728b)  -> (artifact id: '93b5d30288ca5d6538a2e3b9a64253c1') in 0.020552 seconds
  Import took 0.027819 seconds .

========================================================================
Received Import Request.
  Time since last request: 24.785519 seconds.
  path: Assets/Prefabs/mediheadseparate 2.prefab
  artifactKey: Guid(7bc7a3f72469b2c46993b230f227ace0) Importer(815301076,1909f56bfc062723c751e8b465ee728b)
Start importing Assets/Prefabs/mediheadseparate 2.prefab using Guid(7bc7a3f72469b2c46993b230f227ace0) Importer(815301076,1909f56bfc062723c751e8b465ee728b)  -> (artifact id: 'c85f9df0d6afc6321abebdaa05b0e46c') in 0.028537 seconds
  Import took 0.036445 seconds .

========================================================================
Received Import Request.
  Time since last request: 0.002700 seconds.
  path: Assets/Prefabs/mediheadseparate 2.prefab
  artifactKey: Guid(7bc7a3f72469b2c46993b230f227ace0) Importer(815301076,1909f56bfc062723c751e8b465ee728b)
Start importing Assets/Prefabs/mediheadseparate 2.prefab using Guid(7bc7a3f72469b2c46993b230f227ace0) Importer(815301076,1909f56bfc062723c751e8b465ee728b)  -> (artifact id: 'c85f9df0d6afc6321abebdaa05b0e46c') in 0.021009 seconds
  Import took 0.027800 seconds .

========================================================================
Received Import Request.
  Time since last request: 8.378551 seconds.
  path: Assets/Prefabs/medheadseparate 2.prefab
  artifactKey: Guid(7bc7a3f72469b2c46993b230f227ace0) Importer(815301076,1909f56bfc062723c751e8b465ee728b)
Start importing Assets/Prefabs/medheadseparate 2.prefab using Guid(7bc7a3f72469b2c46993b230f227ace0) Importer(815301076,1909f56bfc062723c751e8b465ee728b)  -> (artifact id: 'e4e624c26ace0bcc33bad1cfb0b699fc') in 0.027350 seconds
  Import took 0.035979 seconds .

========================================================================
Received Import Request.
  Time since last request: 0.003475 seconds.
  path: Assets/Prefabs/medheadseparate 2.prefab
  artifactKey: Guid(7bc7a3f72469b2c46993b230f227ace0) Importer(815301076,1909f56bfc062723c751e8b465ee728b)
Start importing Assets/Prefabs/medheadseparate 2.prefab using Guid(7bc7a3f72469b2c46993b230f227ace0) Importer(815301076,1909f56bfc062723c751e8b465ee728b)  -> (artifact id: 'e4e624c26ace0bcc33bad1cfb0b699fc') in 0.020631 seconds
  Import took 0.027829 seconds .

========================================================================
Received Import Request.
  Time since last request: 12.027335 seconds.
  path: Assets/Prefabs/hardheadseparate 1.prefab
  artifactKey: Guid(38af21684a7dc1b41afeafbcfb5f1204) Importer(815301076,1909f56bfc062723c751e8b465ee728b)
Start importing Assets/Prefabs/hardheadseparate 1.prefab using Guid(38af21684a7dc1b41afeafbcfb5f1204) Importer(815301076,1909f56bfc062723c751e8b465ee728b)  -> (artifact id: '3fc4fe20712b428f3d389915ab8f5f85') in 0.024554 seconds
  Import took 0.033607 seconds .

========================================================================
Received Import Request.
  Time since last request: 0.001397 seconds.
  path: Assets/Prefabs/hardheadseparate 1.prefab
  artifactKey: Guid(38af21684a7dc1b41afeafbcfb5f1204) Importer(815301076,1909f56bfc062723c751e8b465ee728b)
Start importing Assets/Prefabs/hardheadseparate 1.prefab using Guid(38af21684a7dc1b41afeafbcfb5f1204) Importer(815301076,1909f56bfc062723c751e8b465ee728b)  -> (artifact id: '3fc4fe20712b428f3d389915ab8f5f85') in 0.021753 seconds
  Import took 0.028522 seconds .

========================================================================
Received Import Request.
  Time since last request: 6.176836 seconds.
  path: Assets/Prefabs/hardheadseparate.prefab
  artifactKey: Guid(38af21684a7dc1b41afeafbcfb5f1204) Importer(815301076,1909f56bfc062723c751e8b465ee728b)
Start importing Assets/Prefabs/hardheadseparate.prefab using Guid(38af21684a7dc1b41afeafbcfb5f1204) Importer(815301076,1909f56bfc062723c751e8b465ee728b)  -> (artifact id: 'fa47e194af98c121747769b2e4092c51') in 0.023613 seconds
  Import took 0.032535 seconds .

========================================================================
Received Import Request.
  Time since last request: 0.003311 seconds.
  path: Assets/Prefabs/hardheadseparate.prefab
  artifactKey: Guid(38af21684a7dc1b41afeafbcfb5f1204) Importer(815301076,1909f56bfc062723c751e8b465ee728b)
Start importing Assets/Prefabs/hardheadseparate.prefab using Guid(38af21684a7dc1b41afeafbcfb5f1204) Importer(815301076,1909f56bfc062723c751e8b465ee728b)  -> (artifact id: 'fa47e194af98c121747769b2e4092c51') in 0.019947 seconds
  Import took 0.026866 seconds .

========================================================================
Received Import Request.
  Time since last request: 5.887249 seconds.
  path: Assets/Prefabs/medheadseparate.prefab
  artifactKey: Guid(7bc7a3f72469b2c46993b230f227ace0) Importer(815301076,1909f56bfc062723c751e8b465ee728b)
Start importing Assets/Prefabs/medheadseparate.prefab using Guid(7bc7a3f72469b2c46993b230f227ace0) Importer(815301076,1909f56bfc062723c751e8b465ee728b)  -> (artifact id: 'f6f8c08308bea7734d5cc4b0ad981e5a') in 0.024627 seconds
  Import took 0.032746 seconds .

========================================================================
Received Import Request.
  Time since last request: 0.004233 seconds.
  path: Assets/Prefabs/medheadseparate.prefab
  artifactKey: Guid(7bc7a3f72469b2c46993b230f227ace0) Importer(815301076,1909f56bfc062723c751e8b465ee728b)
Start importing Assets/Prefabs/medheadseparate.prefab using Guid(7bc7a3f72469b2c46993b230f227ace0) Importer(815301076,1909f56bfc062723c751e8b465ee728b)  -> (artifact id: 'f6f8c08308bea7734d5cc4b0ad981e5a') in 0.019848 seconds
  Import took 0.026574 seconds .

========================================================================
Received Import Request.
  Time since last request: 31.104693 seconds.
  path: Assets/Prefabs/medheadseparate.prefab
  artifactKey: Guid(7bc7a3f72469b2c46993b230f227ace0) Importer(815301076,1909f56bfc062723c751e8b465ee728b)
Start importing Assets/Prefabs/medheadseparate.prefab using Guid(7bc7a3f72469b2c46993b230f227ace0) Importer(815301076,1909f56bfc062723c751e8b465ee728b)  -> (artifact id: 'c61720f763db929b4817fc39dc6846fe') in 0.023718 seconds
  Import took 0.031574 seconds .

========================================================================
Received Import Request.
  Time since last request: 31.024812 seconds.
  path: Assets/Prefabs/hardheadseparate.prefab
  artifactKey: Guid(38af21684a7dc1b41afeafbcfb5f1204) Importer(815301076,1909f56bfc062723c751e8b465ee728b)
Start importing Assets/Prefabs/hardheadseparate.prefab using Guid(38af21684a7dc1b41afeafbcfb5f1204) Importer(815301076,1909f56bfc062723c751e8b465ee728b)  -> (artifact id: '2c0c7692bbc3ea4165a18d40197891b8') in 0.025941 seconds
  Import took 0.033728 seconds .

========================================================================
Received Import Request.
  Time since last request: 7.840110 seconds.
  path: Assets/Prefabs/npc medium.prefab
  artifactKey: Guid(4fdee82f728636c41a22ef5ce9248773) Importer(815301076,1909f56bfc062723c751e8b465ee728b)
Start importing Assets/Prefabs/npc medium.prefab using Guid(4fdee82f728636c41a22ef5ce9248773) Importer(815301076,1909f56bfc062723c751e8b465ee728b)  -> (artifact id: '03de08978d679fa7195fdc5befc8c778') in 0.064335 seconds
  Import took 0.073715 seconds .

========================================================================
Received Import Request.
  Time since last request: 4.729507 seconds.
  path: Assets/Prefabs/npc hard.prefab
  artifactKey: Guid(8eaa98333e9c68940914b06632a14bb5) Importer(815301076,1909f56bfc062723c751e8b465ee728b)
Start importing Assets/Prefabs/npc hard.prefab using Guid(8eaa98333e9c68940914b06632a14bb5) Importer(815301076,1909f56bfc062723c751e8b465ee728b)  -> (artifact id: '3b13b5fca4bfdbc7551021459cf6e01d') in 0.023604 seconds
  Import took 0.031906 seconds .

========================================================================
Received Import Request.
  Time since last request: 0.018641 seconds.
  path: Assets/Prefabs/npc hard.prefab
  artifactKey: Guid(8eaa98333e9c68940914b06632a14bb5) Importer(815301076,1909f56bfc062723c751e8b465ee728b)
Start importing Assets/Prefabs/npc hard.prefab using Guid(8eaa98333e9c68940914b06632a14bb5) Importer(815301076,1909f56bfc062723c751e8b465ee728b)  -> (artifact id: '3b13b5fca4bfdbc7551021459cf6e01d') in 0.032978 seconds
  Import took 0.041358 seconds .

========================================================================
Received Prepare
Registering precompiled user dll's ...
Registered in 0.002900 seconds.
Begin MonoManager ReloadAssembly
Native extension for WindowsStandalone target not found
Native extension for WebGL target not found
Refreshing native plugins compatible for Editor in 0.84 ms, found 1 plugins.
Preloading 0 native plugins for Editor in 0.00 ms.
Warning: Annotation not found!
UnityEngine.StackTraceUtility:ExtractStackTrace ()
UnityEditor.ProBuilder.EditorUtility:SetGizmoIconEnabled (System.Type,bool) (at Library/PackageCache/com.unity.probuilder@4.4.0/Editor/EditorCore/EditorUtility.cs:593)
UnityEditor.ProBuilder.HierarchyListener:.cctor () (at Library/PackageCache/com.unity.probuilder@4.4.0/Editor/EditorCore/HierarchyListener.cs:21)
System.Runtime.CompilerServices.RuntimeHelpers:RunClassConstructor (System.RuntimeTypeHandle)
UnityEditor.EditorAssemblies:ProcessInitializeOnLoadAttributes (System.Type[])

[Library/PackageCache/com.unity.probuilder@4.4.0/Editor/EditorCore/EditorUtility.cs line 593]

Invoked RoslynAnalysisRunner static constructor.
RoslynAnalysisRunner will not be running.
RoslynAnalysisRunner has terminated.
Mono: successfully reloaded assembly
- Completed reload, in  1.221 seconds
Platform modules already initialized, skipping
Shader 'Universal Render Pipeline/Particles/Lit': fallback shader 'Universal Render Pipeline/Particles/SimpleLit' not found
Refreshing native plugins compatible for Editor in 0.97 ms, found 1 plugins.
Preloading 0 native plugins for Editor in 0.00 ms.
Unloading 3237 Unused Serialized files (Serialized files now loaded: 0)
System memory in use before: 160.7 MB.
System memory in use after: 160.5 MB.

Unloading 15 unused Assets to reduce memory usage. Loaded Objects now: 4092.
Total: 6.623400 ms (FindLiveObjects: 0.684300 ms CreateObjectMapping: 0.305100 ms MarkObjects: 4.795000 ms  DeleteObjects: 0.835100 ms)

========================================================================
Received Prepare
Registering precompiled user dll's ...
Registered in 0.003284 seconds.
Begin MonoManager ReloadAssembly
Native extension for WindowsStandalone target not found
Native extension for WebGL target not found
Refreshing native plugins compatible for Editor in 0.99 ms, found 1 plugins.
Preloading 0 native plugins for Editor in 0.00 ms.
Warning: Annotation not found!
UnityEngine.StackTraceUtility:ExtractStackTrace ()
UnityEditor.ProBuilder.EditorUtility:SetGizmoIconEnabled (System.Type,bool) (at Library/PackageCache/com.unity.probuilder@4.4.0/Editor/EditorCore/EditorUtility.cs:593)
UnityEditor.ProBuilder.HierarchyListener:.cctor () (at Library/PackageCache/com.unity.probuilder@4.4.0/Editor/EditorCore/HierarchyListener.cs:21)
System.Runtime.CompilerServices.RuntimeHelpers:RunClassConstructor (System.RuntimeTypeHandle)
UnityEditor.EditorAssemblies:ProcessInitializeOnLoadAttributes (System.Type[])

[Library/PackageCache/com.unity.probuilder@4.4.0/Editor/EditorCore/EditorUtility.cs line 593]

Invoked RoslynAnalysisRunner static constructor.
RoslynAnalysisRunner will not be running.
RoslynAnalysisRunner has terminated.
Mono: successfully reloaded assembly
- Completed reload, in  1.337 seconds
Platform modules already initialized, skipping
Shader 'Universal Render Pipeline/Particles/Lit': fallback shader 'Universal Render Pipeline/Particles/SimpleLit' not found
Refreshing native plugins compatible for Editor in 0.92 ms, found 1 plugins.
Preloading 0 native plugins for Editor in 0.00 ms.
Unloading 3237 Unused Serialized files (Serialized files now loaded: 0)
System memory in use before: 160.7 MB.
System memory in use after: 160.5 MB.

Unloading 14 unused Assets to reduce memory usage. Loaded Objects now: 4095.
Total: 4.270300 ms (FindLiveObjects: 0.453800 ms CreateObjectMapping: 0.109400 ms MarkObjects: 3.178400 ms  DeleteObjects: 0.527100 ms)

========================================================================
Received Prepare
Registering precompiled user dll's ...
Registered in 0.002347 seconds.
Begin MonoManager ReloadAssembly
Native extension for WindowsStandalone target not found
Native extension for WebGL target not found
Refreshing native plugins compatible for Editor in 0.89 ms, found 1 plugins.
Preloading 0 native plugins for Editor in 0.00 ms.
Warning: Annotation not found!
UnityEngine.StackTraceUtility:ExtractStackTrace ()
UnityEditor.ProBuilder.EditorUtility:SetGizmoIconEnabled (System.Type,bool) (at Library/PackageCache/com.unity.probuilder@4.4.0/Editor/EditorCore/EditorUtility.cs:593)
UnityEditor.ProBuilder.HierarchyListener:.cctor () (at Library/PackageCache/com.unity.probuilder@4.4.0/Editor/EditorCore/HierarchyListener.cs:21)
System.Runtime.CompilerServices.RuntimeHelpers:RunClassConstructor (System.RuntimeTypeHandle)
UnityEditor.EditorAssemblies:ProcessInitializeOnLoadAttributes (System.Type[])

[Library/PackageCache/com.unity.probuilder@4.4.0/Editor/EditorCore/EditorUtility.cs line 593]

Invoked RoslynAnalysisRunner static constructor.
RoslynAnalysisRunner will not be running.
RoslynAnalysisRunner has terminated.
Mono: successfully reloaded assembly
- Completed reload, in  1.385 seconds
Platform modules already initialized, skipping
Shader 'Universal Render Pipeline/Particles/Lit': fallback shader 'Universal Render Pipeline/Particles/SimpleLit' not found
Refreshing native plugins compatible for Editor in 1.26 ms, found 1 plugins.
Preloading 0 native plugins for Editor in 0.00 ms.
Unloading 3237 Unused Serialized files (Serialized files now loaded: 0)
System memory in use before: 160.7 MB.
System memory in use after: 160.5 MB.

Unloading 14 unused Assets to reduce memory usage. Loaded Objects now: 4098.
Total: 7.201900 ms (FindLiveObjects: 0.825700 ms CreateObjectMapping: 0.302000 ms MarkObjects: 5.255400 ms  DeleteObjects: 0.815400 ms)

========================================================================
Received Prepare
Registering precompiled user dll's ...
Registered in 0.002702 seconds.
Begin MonoManager ReloadAssembly
Native extension for WindowsStandalone target not found
Native extension for WebGL target not found
Refreshing native plugins compatible for Editor in 1.06 ms, found 1 plugins.
Preloading 0 native plugins for Editor in 0.00 ms.
Warning: Annotation not found!
UnityEngine.StackTraceUtility:ExtractStackTrace ()
UnityEditor.ProBuilder.EditorUtility:SetGizmoIconEnabled (System.Type,bool) (at Library/PackageCache/com.unity.probuilder@4.4.0/Editor/EditorCore/EditorUtility.cs:593)
UnityEditor.ProBuilder.HierarchyListener:.cctor () (at Library/PackageCache/com.unity.probuilder@4.4.0/Editor/EditorCore/HierarchyListener.cs:21)
System.Runtime.CompilerServices.RuntimeHelpers:RunClassConstructor (System.RuntimeTypeHandle)
UnityEditor.EditorAssemblies:ProcessInitializeOnLoadAttributes (System.Type[])

[Library/PackageCache/com.unity.probuilder@4.4.0/Editor/EditorCore/EditorUtility.cs line 593]

Invoked RoslynAnalysisRunner static constructor.
RoslynAnalysisRunner will not be running.
RoslynAnalysisRunner has terminated.
Mono: successfully reloaded assembly
- Completed reload, in  1.223 seconds
Platform modules already initialized, skipping
Shader 'Universal Render Pipeline/Particles/Lit': fallback shader 'Universal Render Pipeline/Particles/SimpleLit' not found
Refreshing native plugins compatible for Editor in 0.82 ms, found 1 plugins.
Preloading 0 native plugins for Editor in 0.00 ms.
Unloading 3237 Unused Serialized files (Serialized files now loaded: 0)
System memory in use before: 160.8 MB.
System memory in use after: 160.5 MB.

Unloading 14 unused Assets to reduce memory usage. Loaded Objects now: 4101.
Total: 5.915700 ms (FindLiveObjects: 0.560000 ms CreateObjectMapping: 0.150600 ms MarkObjects: 4.533300 ms  DeleteObjects: 0.669900 ms)

========================================================================
Received Prepare
Registering precompiled user dll's ...
Registered in 0.002437 seconds.
Begin MonoManager ReloadAssembly
Native extension for WindowsStandalone target not found
Native extension for WebGL target not found
Refreshing native plugins compatible for Editor in 0.92 ms, found 1 plugins.
Preloading 0 native plugins for Editor in 0.00 ms.
Warning: Annotation not found!
UnityEngine.StackTraceUtility:ExtractStackTrace ()
UnityEditor.ProBuilder.EditorUtility:SetGizmoIconEnabled (System.Type,bool) (at Library/PackageCache/com.unity.probuilder@4.4.0/Editor/EditorCore/EditorUtility.cs:593)
UnityEditor.ProBuilder.HierarchyListener:.cctor () (at Library/PackageCache/com.unity.probuilder@4.4.0/Editor/EditorCore/HierarchyListener.cs:21)
System.Runtime.CompilerServices.RuntimeHelpers:RunClassConstructor (System.RuntimeTypeHandle)
UnityEditor.EditorAssemblies:ProcessInitializeOnLoadAttributes (System.Type[])

[Library/PackageCache/com.unity.probuilder@4.4.0/Editor/EditorCore/EditorUtility.cs line 593]

Invoked RoslynAnalysisRunner static constructor.
RoslynAnalysisRunner will not be running.
RoslynAnalysisRunner has terminated.
Mono: successfully reloaded assembly
- Completed reload, in  1.220 seconds
Platform modules already initialized, skipping
Shader 'Universal Render Pipeline/Particles/Lit': fallback shader 'Universal Render Pipeline/Particles/SimpleLit' not found
Refreshing native plugins compatible for Editor in 1.04 ms, found 1 plugins.
Preloading 0 native plugins for Editor in 0.00 ms.
Unloading 3237 Unused Serialized files (Serialized files now loaded: 0)
System memory in use before: 160.7 MB.
System memory in use after: 160.5 MB.

Unloading 14 unused Assets to reduce memory usage. Loaded Objects now: 4104.
Total: 6.777500 ms (FindLiveObjects: 0.560800 ms CreateObjectMapping: 0.234300 ms MarkObjects: 5.056300 ms  DeleteObjects: 0.922900 ms)

========================================================================
Received Prepare
Registering precompiled user dll's ...
Registered in 0.002732 seconds.
Begin MonoManager ReloadAssembly
Native extension for WindowsStandalone target not found
Native extension for WebGL target not found
Refreshing native plugins compatible for Editor in 0.85 ms, found 1 plugins.
Preloading 0 native plugins for Editor in 0.00 ms.
Warning: Annotation not found!
UnityEngine.StackTraceUtility:ExtractStackTrace ()
UnityEditor.ProBuilder.EditorUtility:SetGizmoIconEnabled (System.Type,bool) (at Library/PackageCache/com.unity.probuilder@4.4.0/Editor/EditorCore/EditorUtility.cs:593)
UnityEditor.ProBuilder.HierarchyListener:.cctor () (at Library/PackageCache/com.unity.probuilder@4.4.0/Editor/EditorCore/HierarchyListener.cs:21)
System.Runtime.CompilerServices.RuntimeHelpers:RunClassConstructor (System.RuntimeTypeHandle)
UnityEditor.EditorAssemblies:ProcessInitializeOnLoadAttributes (System.Type[])

[Library/PackageCache/com.unity.probuilder@4.4.0/Editor/EditorCore/EditorUtility.cs line 593]

Invoked RoslynAnalysisRunner static constructor.
RoslynAnalysisRunner will not be running.
RoslynAnalysisRunner has terminated.
Mono: successfully reloaded assembly
- Completed reload, in  1.359 seconds
Platform modules already initialized, skipping
Shader 'Universal Render Pipeline/Particles/Lit': fallback shader 'Universal Render Pipeline/Particles/SimpleLit' not found
Refreshing native plugins compatible for Editor in 1.50 ms, found 1 plugins.
Preloading 0 native plugins for Editor in 0.00 ms.
Unloading 3237 Unused Serialized files (Serialized files now loaded: 0)
System memory in use before: 160.7 MB.
System memory in use after: 160.5 MB.

Unloading 14 unused Assets to reduce memory usage. Loaded Objects now: 4107.
Total: 8.889100 ms (FindLiveObjects: 0.843600 ms CreateObjectMapping: 0.850200 ms MarkObjects: 6.379100 ms  DeleteObjects: 0.813600 ms)

========================================================================
Received Prepare
Registering precompiled user dll's ...
Registered in 0.002734 seconds.
Begin MonoManager ReloadAssembly
Native extension for WindowsStandalone target not found
Native extension for WebGL target not found
Refreshing native plugins compatible for Editor in 1.01 ms, found 1 plugins.
Preloading 0 native plugins for Editor in 0.00 ms.
Warning: Annotation not found!
UnityEngine.StackTraceUtility:ExtractStackTrace ()
UnityEditor.ProBuilder.EditorUtility:SetGizmoIconEnabled (System.Type,bool) (at Library/PackageCache/com.unity.probuilder@4.4.0/Editor/EditorCore/EditorUtility.cs:593)
UnityEditor.ProBuilder.HierarchyListener:.cctor () (at Library/PackageCache/com.unity.probuilder@4.4.0/Editor/EditorCore/HierarchyListener.cs:21)
System.Runtime.CompilerServices.RuntimeHelpers:RunClassConstructor (System.RuntimeTypeHandle)
UnityEditor.EditorAssemblies:ProcessInitializeOnLoadAttributes (System.Type[])

[Library/PackageCache/com.unity.probuilder@4.4.0/Editor/EditorCore/EditorUtility.cs line 593]

Invoked RoslynAnalysisRunner static constructor.
RoslynAnalysisRunner will not be running.
RoslynAnalysisRunner has terminated.
Mono: successfully reloaded assembly
- Completed reload, in  1.297 seconds
Platform modules already initialized, skipping
Shader 'Universal Render Pipeline/Particles/Lit': fallback shader 'Universal Render Pipeline/Particles/SimpleLit' not found
Refreshing native plugins compatible for Editor in 1.19 ms, found 1 plugins.
Preloading 0 native plugins for Editor in 0.00 ms.
Unloading 3237 Unused Serialized files (Serialized files now loaded: 0)
System memory in use before: 160.7 MB.
System memory in use after: 160.5 MB.

Unloading 14 unused Assets to reduce memory usage. Loaded Objects now: 4110.
Total: 5.509400 ms (FindLiveObjects: 0.654200 ms CreateObjectMapping: 0.247700 ms MarkObjects: 4.044000 ms  DeleteObjects: 0.561000 ms)

========================================================================
Received Prepare
Registering precompiled user dll's ...
Registered in 0.003843 seconds.
Begin MonoManager ReloadAssembly
Native extension for WindowsStandalone target not found
Native extension for WebGL target not found
Refreshing native plugins compatible for Editor in 0.97 ms, found 1 plugins.
Preloading 0 native plugins for Editor in 0.00 ms.
Warning: Annotation not found!
UnityEngine.StackTraceUtility:ExtractStackTrace ()
UnityEditor.ProBuilder.EditorUtility:SetGizmoIconEnabled (System.Type,bool) (at Library/PackageCache/com.unity.probuilder@4.4.0/Editor/EditorCore/EditorUtility.cs:593)
UnityEditor.ProBuilder.HierarchyListener:.cctor () (at Library/PackageCache/com.unity.probuilder@4.4.0/Editor/EditorCore/HierarchyListener.cs:21)
System.Runtime.CompilerServices.RuntimeHelpers:RunClassConstructor (System.RuntimeTypeHandle)
UnityEditor.EditorAssemblies:ProcessInitializeOnLoadAttributes (System.Type[])

[Library/PackageCache/com.unity.probuilder@4.4.0/Editor/EditorCore/EditorUtility.cs line 593]

Invoked RoslynAnalysisRunner static constructor.
RoslynAnalysisRunner will not be running.
RoslynAnalysisRunner has terminated.
Mono: successfully reloaded assembly
- Completed reload, in  1.331 seconds
Platform modules already initialized, skipping
Shader 'Universal Render Pipeline/Particles/Lit': fallback shader 'Universal Render Pipeline/Particles/SimpleLit' not found
Refreshing native plugins compatible for Editor in 1.07 ms, found 1 plugins.
Preloading 0 native plugins for Editor in 0.00 ms.
Unloading 3237 Unused Serialized files (Serialized files now loaded: 0)
System memory in use before: 160.7 MB.
System memory in use after: 160.6 MB.

Unloading 14 unused Assets to reduce memory usage. Loaded Objects now: 4113.
Total: 4.995600 ms (FindLiveObjects: 0.643900 ms CreateObjectMapping: 0.167500 ms MarkObjects: 3.614400 ms  DeleteObjects: 0.568400 ms)

========================================================================
Received Prepare
Registering precompiled user dll's ...
Registered in 0.004399 seconds.
Begin MonoManager ReloadAssembly
Native extension for WindowsStandalone target not found
Native extension for WebGL target not found
Refreshing native plugins compatible for Editor in 2.00 ms, found 1 plugins.
Preloading 0 native plugins for Editor in 0.00 ms.
Warning: Annotation not found!
UnityEngine.StackTraceUtility:ExtractStackTrace ()
UnityEditor.ProBuilder.EditorUtility:SetGizmoIconEnabled (System.Type,bool) (at Library/PackageCache/com.unity.probuilder@4.4.0/Editor/EditorCore/EditorUtility.cs:593)
UnityEditor.ProBuilder.HierarchyListener:.cctor () (at Library/PackageCache/com.unity.probuilder@4.4.0/Editor/EditorCore/HierarchyListener.cs:21)
System.Runtime.CompilerServices.RuntimeHelpers:RunClassConstructor (System.RuntimeTypeHandle)
UnityEditor.EditorAssemblies:ProcessInitializeOnLoadAttributes (System.Type[])

[Library/PackageCache/com.unity.probuilder@4.4.0/Editor/EditorCore/EditorUtility.cs line 593]

Invoked RoslynAnalysisRunner static constructor.
RoslynAnalysisRunner will not be running.
RoslynAnalysisRunner has terminated.
Mono: successfully reloaded assembly
- Completed reload, in  1.632 seconds
Platform modules already initialized, skipping
Shader 'Universal Render Pipeline/Particles/Lit': fallback shader 'Universal Render Pipeline/Particles/SimpleLit' not found
Refreshing native plugins compatible for Editor in 0.87 ms, found 1 plugins.
Preloading 0 native plugins for Editor in 0.00 ms.
Unloading 3237 Unused Serialized files (Serialized files now loaded: 0)
System memory in use before: 160.7 MB.
System memory in use after: 160.6 MB.

Unloading 14 unused Assets to reduce memory usage. Loaded Objects now: 4116.
Total: 5.455100 ms (FindLiveObjects: 0.562400 ms CreateObjectMapping: 0.254900 ms MarkObjects: 4.018800 ms  DeleteObjects: 0.617100 ms)

========================================================================
Received Prepare
Registering precompiled user dll's ...
Registered in 0.002529 seconds.
Begin MonoManager ReloadAssembly
Native extension for WindowsStandalone target not found
Native extension for WebGL target not found
Refreshing native plugins compatible for Editor in 1.58 ms, found 1 plugins.
Preloading 0 native plugins for Editor in 0.00 ms.
Warning: Annotation not found!
UnityEngine.StackTraceUtility:ExtractStackTrace ()
UnityEditor.ProBuilder.EditorUtility:SetGizmoIconEnabled (System.Type,bool) (at Library/PackageCache/com.unity.probuilder@4.4.0/Editor/EditorCore/EditorUtility.cs:593)
UnityEditor.ProBuilder.HierarchyListener:.cctor () (at Library/PackageCache/com.unity.probuilder@4.4.0/Editor/EditorCore/HierarchyListener.cs:21)
System.Runtime.CompilerServices.RuntimeHelpers:RunClassConstructor (System.RuntimeTypeHandle)
UnityEditor.EditorAssemblies:ProcessInitializeOnLoadAttributes (System.Type[])

[Library/PackageCache/com.unity.probuilder@4.4.0/Editor/EditorCore/EditorUtility.cs line 593]

Invoked RoslynAnalysisRunner static constructor.
RoslynAnalysisRunner will not be running.
RoslynAnalysisRunner has terminated.
Mono: successfully reloaded assembly
- Completed reload, in  1.541 seconds
Platform modules already initialized, skipping
Shader 'Universal Render Pipeline/Particles/Lit': fallback shader 'Universal Render Pipeline/Particles/SimpleLit' not found
Refreshing native plugins compatible for Editor in 1.12 ms, found 1 plugins.
Preloading 0 native plugins for Editor in 0.00 ms.
Unloading 3237 Unused Serialized files (Serialized files now loaded: 0)
System memory in use before: 160.8 MB.
System memory in use after: 160.6 MB.

Unloading 14 unused Assets to reduce memory usage. Loaded Objects now: 4119.
Total: 6.369500 ms (FindLiveObjects: 0.809000 ms CreateObjectMapping: 0.354000 ms MarkObjects: 4.317500 ms  DeleteObjects: 0.886300 ms)

========================================================================
Received Prepare
Registering precompiled user dll's ...
Registered in 0.007649 seconds.
Begin MonoManager ReloadAssembly
Native extension for WindowsStandalone target not found
Native extension for WebGL target not found
Refreshing native plugins compatible for Editor in 0.93 ms, found 1 plugins.
Preloading 0 native plugins for Editor in 0.00 ms.
Warning: Annotation not found!
UnityEngine.StackTraceUtility:ExtractStackTrace ()
UnityEditor.ProBuilder.EditorUtility:SetGizmoIconEnabled (System.Type,bool) (at Library/PackageCache/com.unity.probuilder@4.4.0/Editor/EditorCore/EditorUtility.cs:593)
UnityEditor.ProBuilder.HierarchyListener:.cctor () (at Library/PackageCache/com.unity.probuilder@4.4.0/Editor/EditorCore/HierarchyListener.cs:21)
System.Runtime.CompilerServices.RuntimeHelpers:RunClassConstructor (System.RuntimeTypeHandle)
UnityEditor.EditorAssemblies:ProcessInitializeOnLoadAttributes (System.Type[])

[Library/PackageCache/com.unity.probuilder@4.4.0/Editor/EditorCore/EditorUtility.cs line 593]

Invoked RoslynAnalysisRunner static constructor.
RoslynAnalysisRunner will not be running.
RoslynAnalysisRunner has terminated.
Mono: successfully reloaded assembly
- Completed reload, in  1.801 seconds
Platform modules already initialized, skipping
Shader 'Universal Render Pipeline/Particles/Lit': fallback shader 'Universal Render Pipeline/Particles/SimpleLit' not found
Refreshing native plugins compatible for Editor in 0.85 ms, found 1 plugins.
Preloading 0 native plugins for Editor in 0.00 ms.
Unloading 3237 Unused Serialized files (Serialized files now loaded: 0)
System memory in use before: 160.8 MB.
System memory in use after: 160.6 MB.

Unloading 14 unused Assets to reduce memory usage. Loaded Objects now: 4122.
Total: 5.423300 ms (FindLiveObjects: 0.589900 ms CreateObjectMapping: 0.160100 ms MarkObjects: 3.920600 ms  DeleteObjects: 0.749400 ms)

========================================================================
Received Import Request.
  Time since last request: 2501.989410 seconds.
  path: Assets/Materials/Blue Purple.mat
  artifactKey: Guid(5f90527baf38a4740aeeb959a54a36f4) Importer(815301076,1909f56bfc062723c751e8b465ee728b)
Start importing Assets/Materials/Blue Purple.mat using Guid(5f90527baf38a4740aeeb959a54a36f4) Importer(815301076,1909f56bfc062723c751e8b465ee728b)  -> (artifact id: 'b06531ebee26f383d3572468cb199c8d') in 0.320201 seconds
  Import took 0.339159 seconds .

========================================================================
Received Import Request.
  Time since last request: 230.046013 seconds.
  path: Assets/Materials/Defaut Materail.mat
  artifactKey: Guid(5d0d5b505606611459bdb3f6c2c803b0) Importer(815301076,1909f56bfc062723c751e8b465ee728b)
Start importing Assets/Materials/Defaut Materail.mat using Guid(5d0d5b505606611459bdb3f6c2c803b0) Importer(815301076,1909f56bfc062723c751e8b465ee728b)  -> (artifact id: '1d7874bb6cb2016b3b0c936e003378f5') in 0.023820 seconds
  Import took 0.032230 seconds .

AssetImportWorkerClient::OnTransportError - code=2 error=End of file
