Using pre-set license
Built from '2020.3/release' branch; Version is '2020.3.2f1 (8fd9074bf66c) revision 9427207'; Using compiler version '192528614'; Build Type 'Release'
OS: 'Windows 10 Home Single Language; OS build 18363.1500; Version 1909; 64bit' Language: 'en' Physical Memory: 7617 MB
BatchMode: 1, IsHumanControllingUs: 0, StartBugReporterOnCrash: 0, Is64bit: 1, IsPro: 0

 COMMAND LINE ARGUMENTS:
C:\Program Files\Unity\Hub\Editor\2020.3.2f1\Editor\Unity.exe
-adb2
-batchMode
-noUpm
-name
AssetImportWorker1
-projectPath
C:/Users/divya/Documents/GitHub/FPS-Game-built-on-Unity/HAZESHOCK
-logFile
Logs/AssetImportWorker1.log
-srvPort
52295
Successfully changed project path to: C:/Users/divya/Documents/GitHub/FPS-Game-built-on-Unity/HAZESHOCK
C:/Users/divya/Documents/GitHub/FPS-Game-built-on-Unity/HAZESHOCK
Using Asset Import Pipeline V2.
Refreshing native plugins compatible for Editor in 90.91 ms, found 1 plugins.
Preloading 0 native plugins for Editor in 0.00 ms.
Initialize engine version: 2020.3.2f1 (8fd9074bf66c)
[Subsystems] Discovering subsystems at path C:/Program Files/Unity/Hub/Editor/2020.3.2f1/Editor/Data/Resources/UnitySubsystems
[Subsystems] Discovering subsystems at path C:/Users/divya/Documents/GitHub/FPS-Game-built-on-Unity/HAZESHOCK/Assets
GfxDevice: creating device client; threaded=0
Direct3D:
    Version:  Direct3D 11.0 [level 11.1]
    Renderer: NVIDIA GeForce GTX 1650 (ID=0x1f91)
    Vendor:   
    VRAM:     3962 MB
    Driver:   27.21.14.6611
Shader 'Universal Render Pipeline/Particles/Lit': fallback shader 'Universal Render Pipeline/Particles/SimpleLit' not found
Initialize mono
Mono path[0] = 'C:/Program Files/Unity/Hub/Editor/2020.3.2f1/Editor/Data/Managed'
Mono path[1] = 'C:/Program Files/Unity/Hub/Editor/2020.3.2f1/Editor/Data/MonoBleedingEdge/lib/mono/unityjit'
Mono config path = 'C:/Program Files/Unity/Hub/Editor/2020.3.2f1/Editor/Data/MonoBleedingEdge/etc'
Using monoOptions --debugger-agent=transport=dt_socket,embedding=1,server=y,suspend=n,address=127.0.0.1:56240
Begin MonoManager ReloadAssembly
Registering precompiled unity dll's ...
Register platform support module: C:/Program Files/Unity/Hub/Editor/2020.3.2f1/Editor/Data/PlaybackEngines/WebGLSupport/UnityEditor.WebGL.Extensions.dll
Register platform support module: C:/Program Files/Unity/Hub/Editor/2020.3.2f1/Editor/Data/PlaybackEngines/WindowsStandaloneSupport/UnityEditor.WindowsStandalone.Extensions.dll
Registered in 0.003220 seconds.
Native extension for WindowsStandalone target not found
Native extension for WebGL target not found
Refreshing native plugins compatible for Editor in 109.90 ms, found 1 plugins.
Preloading 0 native plugins for Editor in 0.00 ms.
Invoked RoslynAnalysisRunner static constructor.
RoslynAnalysisRunner will not be running.
RoslynAnalysisRunner has terminated.
Mono: successfully reloaded assembly
- Completed reload, in  2.504 seconds
Platform modules already initialized, skipping
Registering precompiled user dll's ...
Registered in 0.002365 seconds.
Begin MonoManager ReloadAssembly
Native extension for WindowsStandalone target not found
Native extension for WebGL target not found
Refreshing native plugins compatible for Editor in 95.01 ms, found 1 plugins.
Preloading 0 native plugins for Editor in 0.00 ms.
Invoked RoslynAnalysisRunner static constructor.
RoslynAnalysisRunner will not be running.
RoslynAnalysisRunner has terminated.
Mono: successfully reloaded assembly
- Completed reload, in  1.499 seconds
Platform modules already initialized, skipping
========================================================================
Worker process is ready to serve import requests
Shader 'Universal Render Pipeline/Particles/Lit': fallback shader 'Universal Render Pipeline/Particles/SimpleLit' not found
Launched and connected shader compiler UnityShaderCompiler.exe after 0.12 seconds
Refreshing native plugins compatible for Editor in 0.82 ms, found 1 plugins.
Preloading 0 native plugins for Editor in 0.00 ms.
Unloading 3395 Unused Serialized files (Serialized files now loaded: 0)
System memory in use before: 162.2 MB.
System memory in use after: 162.1 MB.

Unloading 102 unused Assets to reduce memory usage. Loaded Objects now: 3840.
Total: 4.694800 ms (FindLiveObjects: 0.403700 ms CreateObjectMapping: 0.113400 ms MarkObjects: 3.545300 ms  DeleteObjects: 0.631200 ms)

AssetImportParameters requested are different than current active one (requested -> active):
  colorSpace: 1 -> 0
========================================================================
Received Import Request.
  path: Assets/Low Poly Weapons VOL.1/Textures_Guns.png
  artifactKey: Guid(6a376fb3e11ce334ca96f417cead6576) Importer(815301076,1909f56bfc062723c751e8b465ee728b)
Start importing Assets/Low Poly Weapons VOL.1/Textures_Guns.png using Guid(6a376fb3e11ce334ca96f417cead6576) Importer(815301076,1909f56bfc062723c751e8b465ee728b)  -> (artifact id: 'da970b98e2755e304d4f41fcb63e210e') in 0.076465 seconds
  Import took 0.083820 seconds .

========================================================================
Received Import Request.
  Time since last request: 781.528937 seconds.
  path: Assets/My Materials/PIllar.prefab
  artifactKey: Guid(35b3c8073c8b4e347928b1419e94d787) Importer(815301076,1909f56bfc062723c751e8b465ee728b)
Start importing Assets/My Materials/PIllar.prefab using Guid(35b3c8073c8b4e347928b1419e94d787) Importer(815301076,1909f56bfc062723c751e8b465ee728b)  -> (artifact id: 'f673d9fd5e59f6042affe0dc231eab61') in 0.096401 seconds
  Import took 0.104670 seconds .

========================================================================
Received Import Request.
  Time since last request: 487.833455 seconds.
  path: Assets/Prefabs/PIllar.prefab
  artifactKey: Guid(35b3c8073c8b4e347928b1419e94d787) Importer(815301076,1909f56bfc062723c751e8b465ee728b)
Start importing Assets/Prefabs/PIllar.prefab using Guid(35b3c8073c8b4e347928b1419e94d787) Importer(815301076,1909f56bfc062723c751e8b465ee728b)  -> (artifact id: 'dc07226adb1dd94ba7944b04c1672a9a') in 0.031672 seconds
  Import took 0.039260 seconds .

========================================================================
Received Import Request.
  Time since last request: 6.602357 seconds.
  path: Assets/Prefabs/PIllar.prefab
  artifactKey: Guid(35b3c8073c8b4e347928b1419e94d787) Importer(815301076,1909f56bfc062723c751e8b465ee728b)
Start importing Assets/Prefabs/PIllar.prefab using Guid(35b3c8073c8b4e347928b1419e94d787) Importer(815301076,1909f56bfc062723c751e8b465ee728b)  -> (artifact id: '30003aad4244ba0d80429622c7cf94d3') in 0.022788 seconds
  Import took 0.030616 seconds .

========================================================================
Received Import Request.
  Time since last request: 6.115360 seconds.
  path: Assets/Prefabs/PIllar.prefab
  artifactKey: Guid(35b3c8073c8b4e347928b1419e94d787) Importer(815301076,1909f56bfc062723c751e8b465ee728b)
Start importing Assets/Prefabs/PIllar.prefab using Guid(35b3c8073c8b4e347928b1419e94d787) Importer(815301076,1909f56bfc062723c751e8b465ee728b)  -> (artifact id: '1bf59f61b825ec96b38c9dca076dfbba') in 0.019850 seconds
  Import took 0.027266 seconds .

========================================================================
Received Import Request.
  Time since last request: 0.018177 seconds.
  path: Assets/Prefabs/PIllar.prefab
  artifactKey: Guid(35b3c8073c8b4e347928b1419e94d787) Importer(815301076,1909f56bfc062723c751e8b465ee728b)
Start importing Assets/Prefabs/PIllar.prefab using Guid(35b3c8073c8b4e347928b1419e94d787) Importer(815301076,1909f56bfc062723c751e8b465ee728b)  -> (artifact id: '1bf59f61b825ec96b38c9dca076dfbba') in 0.017164 seconds
  Import took 0.024931 seconds .

========================================================================
Received Import Request.
  Time since last request: 2.526725 seconds.
  path: Assets/Prefabs/PIllar.prefab
  artifactKey: Guid(35b3c8073c8b4e347928b1419e94d787) Importer(815301076,1909f56bfc062723c751e8b465ee728b)
Start importing Assets/Prefabs/PIllar.prefab using Guid(35b3c8073c8b4e347928b1419e94d787) Importer(815301076,1909f56bfc062723c751e8b465ee728b)  -> (artifact id: '02f31404e77e90930e1d24e18736c315') in 0.019198 seconds
  Import took 0.026902 seconds .

========================================================================
Received Prepare
Registering precompiled user dll's ...
Registered in 0.005209 seconds.
Begin MonoManager ReloadAssembly
Native extension for WindowsStandalone target not found
Native extension for WebGL target not found
Refreshing native plugins compatible for Editor in 1.06 ms, found 1 plugins.
Preloading 0 native plugins for Editor in 0.00 ms.
Warning: Annotation not found!
UnityEngine.StackTraceUtility:ExtractStackTrace ()
UnityEditor.ProBuilder.EditorUtility:SetGizmoIconEnabled (System.Type,bool) (at Library/PackageCache/com.unity.probuilder@4.4.0/Editor/EditorCore/EditorUtility.cs:593)
UnityEditor.ProBuilder.HierarchyListener:.cctor () (at Library/PackageCache/com.unity.probuilder@4.4.0/Editor/EditorCore/HierarchyListener.cs:21)
System.Runtime.CompilerServices.RuntimeHelpers:RunClassConstructor (System.RuntimeTypeHandle)
UnityEditor.EditorAssemblies:ProcessInitializeOnLoadAttributes (System.Type[])

[Library/PackageCache/com.unity.probuilder@4.4.0/Editor/EditorCore/EditorUtility.cs line 593]

Invoked RoslynAnalysisRunner static constructor.
RoslynAnalysisRunner will not be running.
RoslynAnalysisRunner has terminated.
Mono: successfully reloaded assembly
- Completed reload, in  1.227 seconds
Platform modules already initialized, skipping
Shader 'Universal Render Pipeline/Particles/Lit': fallback shader 'Universal Render Pipeline/Particles/SimpleLit' not found
Refreshing native plugins compatible for Editor in 0.91 ms, found 1 plugins.
Preloading 0 native plugins for Editor in 0.00 ms.
Unloading 3238 Unused Serialized files (Serialized files now loaded: 0)
System memory in use before: 146.6 MB.
System memory in use after: 146.5 MB.

Unloading 11 unused Assets to reduce memory usage. Loaded Objects now: 3853.
Total: 5.439700 ms (FindLiveObjects: 0.496400 ms CreateObjectMapping: 0.147200 ms MarkObjects: 4.358600 ms  DeleteObjects: 0.434800 ms)

